<?xml version="1.0" encoding="UTF-8"?>
<!-- Generated by org.testng.reporters.JUnitXMLReporter -->
<testsuite ignored="0" hostname="IBSNOINB11179" failures="0" tests="3" name="Default test" time="38.861" errors="0" timestamp="2024-08-26T17:41:35 IST">
  <testcase classname="com.selenium.fta.TestNG.TestNG" name="signupuser" time="3.706"/>
  <testcase classname="com.selenium.fta.TestNG.TestNG" name="loginUser" time="1.566"/>
  <testcase classname="com.selenium.fta.TestNG.TestNG" name="placing_order" time="24.611"/>
</testsuite> <!-- Default test -->
