<?xml version="1.0" encoding="UTF-8"?>
<!-- Generated by org.testng.reporters.JUnitXMLReporter -->
<testsuite ignored="3" hostname="IBSNOINB11179" failures="0" tests="1" name="Test" time="20.769" errors="0" timestamp="2024-11-11T14:29:40 IST">
  <testcase classname="TestRunnerClasses.TestNG" name="loginTheUser" time="5.539"/>
  <testcase classname="TestRunnerClasses.TestNG" name="placeTheOrder" time="0.0">
    <ignored/>
  </testcase> <!-- placeTheOrder -->
  <testcase classname="TestRunnerClasses.TestNG" name="registerNewUser" time="0.0">
    <ignored/>
  </testcase> <!-- registerNewUser -->
  <testcase classname="TestRunnerClasses.TestNG" name="addNewAddress" time="0.0">
    <ignored/>
  </testcase> <!-- addNewAddress -->
</testsuite> <!-- Test -->
