<?xml version="1.0" encoding="UTF-8"?>
<testng-results ignored="0" total="2" passed="1" failed="1" skipped="0">
  <reporter-output>
  </reporter-output>
  <suite started-at="2024-08-16T21:38:38 IST" name="Default suite" finished-at="2024-08-16T21:39:05 IST" duration-ms="26939">
    <groups>
      <group name="Regression">
        <method signature="TestNG.signupuser()[pri:1, instance:com.selenium.fta.TestNG.TestNG@7dc19a70]" name="signupuser" class="com.selenium.fta.TestNG.TestNG"/>
        <method signature="TestNG.loginUser()[pri:2, instance:com.selenium.fta.TestNG.TestNG@7dc19a70]" name="loginUser" class="com.selenium.fta.TestNG.TestNG"/>
      </group> <!-- Regression -->
    </groups>
    <test started-at="2024-08-16T21:38:38 IST" name="Default test" finished-at="2024-08-16T21:39:05 IST" duration-ms="26939">
      <class name="com.selenium.fta.TestNG.TestNG">
        <test-method is-config="true" signature="launch_browsers()[pri:0, instance:com.selenium.fta.TestNG.TestNG@7dc19a70]" started-at="2024-08-16T21:38:38 IST" name="launch_browsers" finished-at="2024-08-16T21:38:45 IST" duration-ms="7030" status="PASS">
          <reporter-output>
          </reporter-output>
        </test-method> <!-- launch_browsers -->
        <test-method signature="signupuser()[pri:1, instance:com.selenium.fta.TestNG.TestNG@7dc19a70]" started-at="2024-08-16T21:38:45 IST" name="signupuser" finished-at="2024-08-16T21:39:02 IST" duration-ms="16729" status="FAIL">
          <exception class="java.lang.AssertionError">
            <message>
              <![CDATA[expected [0] but found [The specified email already exists]]]>
            </message>
            <full-stacktrace>
              <![CDATA[java.lang.AssertionError: expected [0] but found [The specified email already exists]
at org.testng.Assert.fail(Assert.java:111)
at org.testng.Assert.failNotEquals(Assert.java:1578)
at org.testng.Assert.assertEqualsImpl(Assert.java:150)
at org.testng.Assert.assertEquals(Assert.java:132)
at org.testng.Assert.assertEquals(Assert.java:656)
at org.testng.Assert.assertEquals(Assert.java:666)
at com.selenium.fta.TestNG.TestNG.signupuser(TestNG.java:35)
at java.base/jdk.internal.reflect.DirectMethodHandleAccessor.invoke(DirectMethodHandleAccessor.java:103)
at java.base/java.lang.reflect.Method.invoke(Method.java:580)
at org.testng.internal.invokers.MethodInvocationHelper.invokeMethod(MethodInvocationHelper.java:141)
at org.testng.internal.invokers.TestInvoker.invokeMethod(TestInvoker.java:686)
at org.testng.internal.invokers.TestInvoker.invokeTestMethod(TestInvoker.java:230)
at org.testng.internal.invokers.MethodRunner.runInSequence(MethodRunner.java:63)
at org.testng.internal.invokers.TestInvoker$MethodInvocationAgent.invoke(TestInvoker.java:992)
at org.testng.internal.invokers.TestInvoker.invokeTestMethods(TestInvoker.java:203)
at org.testng.internal.invokers.TestMethodWorker.invokeTestMethods(TestMethodWorker.java:154)
at org.testng.internal.invokers.TestMethodWorker.run(TestMethodWorker.java:134)
at java.base/java.util.ArrayList.forEach(ArrayList.java:1597)
at org.testng.TestRunner.privateRun(TestRunner.java:739)
at org.testng.TestRunner.run(TestRunner.java:614)
at org.testng.SuiteRunner.runTest(SuiteRunner.java:421)
at org.testng.SuiteRunner.runSequentially(SuiteRunner.java:413)
at org.testng.SuiteRunner.privateRun(SuiteRunner.java:373)
at org.testng.SuiteRunner.run(SuiteRunner.java:312)
at org.testng.SuiteRunnerWorker.runSuite(SuiteRunnerWorker.java:52)
at org.testng.SuiteRunnerWorker.run(SuiteRunnerWorker.java:95)
at org.testng.TestNG.runSuitesSequentially(TestNG.java:1274)
at org.testng.TestNG.runSuitesLocally(TestNG.java:1208)
at org.testng.TestNG.runSuites(TestNG.java:1112)
at org.testng.TestNG.run(TestNG.java:1079)
at org.testng.remote.AbstractRemoteTestNG.run(AbstractRemoteTestNG.java:115)
at org.testng.remote.RemoteTestNG.initAndRun(RemoteTestNG.java:293)
at org.testng.remote.RemoteTestNG.main(RemoteTestNG.java:91)
]]>
            </full-stacktrace>
          </exception> <!-- java.lang.AssertionError -->
          <reporter-output>
          </reporter-output>
        </test-method> <!-- signupuser -->
        <test-method signature="loginUser()[pri:2, instance:com.selenium.fta.TestNG.TestNG@7dc19a70]" started-at="2024-08-16T21:39:02 IST" name="loginUser" finished-at="2024-08-16T21:39:04 IST" duration-ms="2118" status="PASS">
          <reporter-output>
          </reporter-output>
        </test-method> <!-- loginUser -->
        <test-method is-config="true" signature="Logout_User()[pri:0, instance:com.selenium.fta.TestNG.TestNG@7dc19a70]" started-at="2024-08-16T21:39:04 IST" name="Logout_User" finished-at="2024-08-16T21:39:05 IST" duration-ms="983" status="PASS">
          <reporter-output>
          </reporter-output>
        </test-method> <!-- Logout_User -->
      </class> <!-- com.selenium.fta.TestNG.TestNG -->
    </test> <!-- Default test -->
  </suite> <!-- Default suite -->
</testng-results>
